app/build/intermediates/manifest_merge_blame_file/debug/manifest-merger-blame-debug-report.txt
1<?xml version="1.0" encoding="utf-8"?>
2<manifest xmlns:android="http://schemas.android.com/apk/res/android"
3    package="com.truecodes.worldcuptv"
4    android:versionCode="1"
5    android:versionName="1.0" >
6
7    <uses-sdk
8        android:minSdkVersion="22"
8-->src\main\AndroidManifest.xml
9        android:targetSdkVersion="34" />
9-->src\main\AndroidManifest.xml
10
11    <uses-permission android:name="android.permission.INTERNET" />
11-->src\main\AndroidManifest.xml:6:5-67
11-->src\main\AndroidManifest.xml:6:22-64
12    <uses-permission android:name="android.permission.ACCESS_NETWORK_STATE" />
12-->src\main\AndroidManifest.xml:7:5-79
12-->src\main\AndroidManifest.xml:7:22-76
13    <uses-permission android:name="android.permission.WAKE_LOCK" />
13-->src\main\AndroidManifest.xml:8:5-68
13-->src\main\AndroidManifest.xml:8:22-65
14    <uses-permission android:name="com.google.android.c2dm.permission.RECEIVE" />
14-->src\main\AndroidManifest.xml:9:5-82
14-->src\main\AndroidManifest.xml:9:22-79
15    <uses-permission android:name="com.google.android.gms.permission.AD_ID" />
15-->src\main\AndroidManifest.xml:10:5-78
15-->src\main\AndroidManifest.xml:10:22-76
16    <uses-permission android:name="com.google.android.finsky.permission.BIND_GET_INSTALL_REFERRER_SERVICE" />
16-->src\main\AndroidManifest.xml:11:5-109
16-->src\main\AndroidManifest.xml:11:22-107
17    <uses-permission android:name="android.permission.FOREGROUND_SERVICE" />
17-->src\main\AndroidManifest.xml:12:5-76
17-->src\main\AndroidManifest.xml:12:22-74
18    <uses-permission android:name="android.permission.POST_NOTIFICATIONS" />
18-->[com.google.firebase:firebase-messaging:23.2.1] AndroidManifest.xml:23:5-77
18-->[com.google.firebase:firebase-messaging:23.2.1] AndroidManifest.xml:23:22-74
19
20    <queries>
20-->[com.facebook.android:audience-network-sdk:6.16.0] AndroidManifest.xml:11:5-13:15
21        <package android:name="com.facebook.katana" />
21-->[com.facebook.android:audience-network-sdk:6.16.0] AndroidManifest.xml:12:9-55
21-->[com.facebook.android:audience-network-sdk:6.16.0] AndroidManifest.xml:12:18-52
22        <!-- For browser content -->
23        <intent>
23-->[com.google.android.gms:play-services-ads-lite:22.4.0] AndroidManifest.xml:38:9-44:18
24            <action android:name="android.intent.action.VIEW" />
24-->[com.google.android.gms:play-services-ads-lite:22.4.0] AndroidManifest.xml:39:13-65
24-->[com.google.android.gms:play-services-ads-lite:22.4.0] AndroidManifest.xml:39:21-62
25
26            <category android:name="android.intent.category.BROWSABLE" />
26-->[com.google.android.gms:play-services-ads-lite:22.4.0] AndroidManifest.xml:41:13-74
26-->[com.google.android.gms:play-services-ads-lite:22.4.0] AndroidManifest.xml:41:23-71
27
28            <data android:scheme="https" />
28-->[com.google.android.gms:play-services-ads-lite:22.4.0] AndroidManifest.xml:43:13-44
28-->[com.google.android.gms:play-services-ads-lite:22.4.0] AndroidManifest.xml:43:19-41
29        </intent> <!-- End of browser content -->
30        <!-- For CustomTabsService -->
31        <intent>
31-->[com.google.android.gms:play-services-ads-lite:22.4.0] AndroidManifest.xml:47:9-49:18
32            <action android:name="android.support.customtabs.action.CustomTabsService" />
32-->[com.google.android.gms:play-services-ads-lite:22.4.0] AndroidManifest.xml:48:13-90
32-->[com.google.android.gms:play-services-ads-lite:22.4.0] AndroidManifest.xml:48:21-87
33        </intent>
34    </queries>
35
36    <uses-permission android:name="android.permission.ACCESS_ADSERVICES_AD_ID" />
36-->[com.google.android.gms:play-services-ads-lite:22.4.0] AndroidManifest.xml:27:5-82
36-->[com.google.android.gms:play-services-ads-lite:22.4.0] AndroidManifest.xml:27:22-79
37    <uses-permission android:name="android.permission.ACCESS_ADSERVICES_ATTRIBUTION" />
37-->[com.google.android.gms:play-services-ads-lite:22.4.0] AndroidManifest.xml:28:5-88
37-->[com.google.android.gms:play-services-ads-lite:22.4.0] AndroidManifest.xml:28:22-85
38    <uses-permission android:name="android.permission.ACCESS_ADSERVICES_TOPICS" />
38-->[com.google.android.gms:play-services-ads-lite:22.4.0] AndroidManifest.xml:29:5-83
38-->[com.google.android.gms:play-services-ads-lite:22.4.0] AndroidManifest.xml:29:22-80
39
40    <permission
40-->[androidx.core:core:1.9.0] AndroidManifest.xml:22:5-24:47
41        android:name="com.truecodes.worldcuptv.DYNAMIC_RECEIVER_NOT_EXPORTED_PERMISSION"
41-->[androidx.core:core:1.9.0] AndroidManifest.xml:23:9-81
42        android:protectionLevel="signature" />
42-->[androidx.core:core:1.9.0] AndroidManifest.xml:24:9-44
43
44    <uses-permission android:name="com.truecodes.worldcuptv.DYNAMIC_RECEIVER_NOT_EXPORTED_PERMISSION" />
44-->[androidx.core:core:1.9.0] AndroidManifest.xml:26:5-97
44-->[androidx.core:core:1.9.0] AndroidManifest.xml:26:22-94
45
46    <application
46-->src\main\AndroidManifest.xml:14:5-154:19
47        android:allowBackup="true"
47-->src\main\AndroidManifest.xml:15:9-35
48        android:appComponentFactory="androidx.core.app.CoreComponentFactory"
48-->[androidx.core:core:1.9.0] AndroidManifest.xml:28:18-86
49        android:dataExtractionRules="@xml/data_extraction_rules"
49-->src\main\AndroidManifest.xml:16:9-65
50        android:debuggable="true"
51        android:fullBackupContent="@xml/backup_rules"
51-->src\main\AndroidManifest.xml:17:9-54
52        android:icon="@mipmap/ic_launcher"
52-->src\main\AndroidManifest.xml:18:9-43
53        android:label="@string/app_name"
53-->src\main\AndroidManifest.xml:19:9-41
54        android:supportsRtl="true"
54-->src\main\AndroidManifest.xml:20:9-35
55        android:theme="@style/Theme.WorldCupTv" >
55-->src\main\AndroidManifest.xml:21:9-48
56
57        <!-- <activity -->
58        <!-- android:name=".MainActivity" -->
59        <!-- android:exported="true" -->
60        <!-- > -->
61        <!-- <intent-filter> -->
62        <!-- <action android:name="android.intent.action.MAIN" /> -->
63
64
65        <!-- <category android:name="android.intent.category.LAUNCHER" /> -->
66        <!-- </intent-filter> -->
67        <!-- </activity> -->
68
69        <activity
69-->src\main\AndroidManifest.xml:36:9-39:15
70            android:name="com.truecodes.worldcuptv.CricketSeries.Activity.CricketSeriesPlayerActivity"
70-->src\main\AndroidManifest.xml:37:13-103
71            android:exported="false" />
71-->src\main\AndroidManifest.xml:38:13-37
72        <activity
72-->src\main\AndroidManifest.xml:40:9-44:15
73            android:name="com.truecodes.worldcuptv.CricketSeries.SeriesDetails.CricketSeriesDetailsTournamentActivity"
73-->src\main\AndroidManifest.xml:41:13-119
74            android:exported="false"
74-->src\main\AndroidManifest.xml:42:13-37
75            android:theme="@style/Theme_AsiaCup_NoActionBar" />
75-->src\main\AndroidManifest.xml:43:13-61
76        <activity
76-->src\main\AndroidManifest.xml:45:9-49:15
77            android:name="com.truecodes.worldcuptv.CricketSeries.SeriesDetails.CricketSeriesDetailsActivity"
77-->src\main\AndroidManifest.xml:46:13-109
78            android:exported="false"
78-->src\main\AndroidManifest.xml:47:13-37
79            android:theme="@style/Theme_AsiaCup_NoActionBar" />
79-->src\main\AndroidManifest.xml:48:13-61
80        <activity
80-->src\main\AndroidManifest.xml:50:9-54:15
81            android:name="com.truecodes.worldcuptv.MainPlayers.MainPlayersScreen"
81-->src\main\AndroidManifest.xml:51:13-82
82            android:exported="false"
82-->src\main\AndroidManifest.xml:52:13-37
83            android:theme="@style/Theme_AsiaCup_NoActionBar" />
83-->src\main\AndroidManifest.xml:53:13-61
84        <activity
84-->src\main\AndroidManifest.xml:55:9-59:15
85            android:name="com.truecodes.worldcuptv.TeamAndPlayer.AsiaCupPlayer.AsiaCupTeamDetailsScreen"
85-->src\main\AndroidManifest.xml:56:13-105
86            android:exported="false"
86-->src\main\AndroidManifest.xml:57:13-37
87            android:theme="@style/Theme_AsiaCup_NoActionBar" />
87-->src\main\AndroidManifest.xml:58:13-61
88        <activity
88-->src\main\AndroidManifest.xml:60:9-64:15
89            android:name="com.truecodes.worldcuptv.TeamAndPlayer.TeamDetails.TeamsDetailsScreen"
89-->src\main\AndroidManifest.xml:61:13-97
90            android:exported="false"
90-->src\main\AndroidManifest.xml:62:13-37
91            android:theme="@style/Theme_AsiaCup_NoActionBar" />
91-->src\main\AndroidManifest.xml:63:13-61
92        <activity
92-->src\main\AndroidManifest.xml:65:9-69:15
93            android:name="com.truecodes.worldcuptv.Schedule.UpcomingScheduleDetails.UpcomingScheduleDetailsScreen"
93-->src\main\AndroidManifest.xml:66:13-115
94            android:exported="false"
94-->src\main\AndroidManifest.xml:67:13-37
95            android:theme="@style/Theme_AsiaCup_NoActionBar" />
95-->src\main\AndroidManifest.xml:68:13-61
96        <activity
96-->src\main\AndroidManifest.xml:70:9-74:15
97            android:name="com.truecodes.worldcuptv.Schedule.LiveScheduleDetails.LiveScheduleDetailsScreen"
97-->src\main\AndroidManifest.xml:71:13-107
98            android:exported="false"
98-->src\main\AndroidManifest.xml:72:13-37
99            android:theme="@style/Theme_AsiaCup_NoActionBar" />
99-->src\main\AndroidManifest.xml:73:13-61
100        <activity
100-->src\main\AndroidManifest.xml:75:9-79:15
101            android:name="com.truecodes.worldcuptv.Rankings.RankingScreen"
101-->src\main\AndroidManifest.xml:76:13-75
102            android:exported="false"
102-->src\main\AndroidManifest.xml:77:13-37
103            android:theme="@style/Theme.AppCompat.DayNight.NoActionBar" />
103-->src\main\AndroidManifest.xml:78:13-72
104        <activity
104-->src\main\AndroidManifest.xml:80:9-85:15
105            android:name="com.truecodes.worldcuptv.UI.StadiumScreen"
105-->src\main\AndroidManifest.xml:81:13-69
106            android:exported="false"
106-->src\main\AndroidManifest.xml:82:13-37
107            android:label="Asia Cup Venues"
107-->src\main\AndroidManifest.xml:83:13-44
108            android:parentActivityName="com.truecodes.worldcuptv.MainActivity" />
108-->src\main\AndroidManifest.xml:84:13-79
109        <activity
109-->src\main\AndroidManifest.xml:86:9-90:15
110            android:name="com.truecodes.worldcuptv.TeamAndPlayer.PlayersScreen"
110-->src\main\AndroidManifest.xml:87:13-80
111            android:exported="false"
111-->src\main\AndroidManifest.xml:88:13-37
112            android:parentActivityName="com.truecodes.worldcuptv.MainActivity" />
112-->src\main\AndroidManifest.xml:89:13-79
113        <activity
113-->src\main\AndroidManifest.xml:91:9-96:15
114            android:name="com.truecodes.worldcuptv.UI.BrowserScreen"
114-->src\main\AndroidManifest.xml:92:13-69
115            android:exported="false"
115-->src\main\AndroidManifest.xml:93:13-37
116            android:label="Match Details"
116-->src\main\AndroidManifest.xml:94:13-42
117            android:parentActivityName="com.truecodes.worldcuptv.Schedule.ScheduleScreen" />
117-->src\main\AndroidManifest.xml:95:13-90
118        <activity
118-->src\main\AndroidManifest.xml:97:9-101:15
119            android:name="com.truecodes.worldcuptv.UI.RecordsDetailsScreen"
119-->src\main\AndroidManifest.xml:98:13-76
120            android:exported="false"
120-->src\main\AndroidManifest.xml:99:13-37
121            android:parentActivityName="com.truecodes.worldcuptv.UI.RecordsScreen" />
121-->src\main\AndroidManifest.xml:100:13-83
122        <activity
122-->src\main\AndroidManifest.xml:102:9-107:15
123            android:name="com.truecodes.worldcuptv.UI.RecordsScreen"
123-->src\main\AndroidManifest.xml:103:13-69
124            android:exported="false"
124-->src\main\AndroidManifest.xml:104:13-37
125            android:label="Asia Cup Records"
125-->src\main\AndroidManifest.xml:105:13-45
126            android:parentActivityName="com.truecodes.worldcuptv.MainActivity" />
126-->src\main\AndroidManifest.xml:106:13-79
127        <activity
127-->src\main\AndroidManifest.xml:108:9-113:15
128            android:name="com.truecodes.worldcuptv.UI.ChampionsScreen"
128-->src\main\AndroidManifest.xml:109:13-71
129            android:exported="false"
129-->src\main\AndroidManifest.xml:110:13-37
130            android:label="Asia Cup Champions"
130-->src\main\AndroidManifest.xml:111:13-47
131            android:parentActivityName="com.truecodes.worldcuptv.MainActivity" />
131-->src\main\AndroidManifest.xml:112:13-79
132        <activity
132-->src\main\AndroidManifest.xml:114:9-118:15
133            android:name="com.truecodes.worldcuptv.Schedule.ScheduleScreen"
133-->src\main\AndroidManifest.xml:115:13-76
134            android:exported="false"
134-->src\main\AndroidManifest.xml:116:13-37
135            android:theme="@style/Theme.AppCompat.DayNight.NoActionBar" />
135-->src\main\AndroidManifest.xml:117:13-72
136        <activity
136-->src\main\AndroidManifest.xml:119:9-123:15
137            android:name="com.truecodes.worldcuptv.TeamAndPlayer.TeamScreen"
137-->src\main\AndroidManifest.xml:120:13-77
138            android:exported="false"
138-->src\main\AndroidManifest.xml:121:13-37
139            android:theme="@style/Theme.AppCompat.DayNight.NoActionBar" />
139-->src\main\AndroidManifest.xml:122:13-72
140        <activity
140-->src\main\AndroidManifest.xml:124:9-128:15
141            android:name="com.truecodes.worldcuptv.Schedule.ScheduleDetails.ScheduleDetailsScreen"
141-->src\main\AndroidManifest.xml:125:13-99
142            android:exported="false"
142-->src\main\AndroidManifest.xml:126:13-37
143            android:theme="@style/Theme_AsiaCup_NoActionBar" />
143-->src\main\AndroidManifest.xml:127:13-61
144        <activity
144-->src\main\AndroidManifest.xml:129:9-133:15
145            android:name="com.truecodes.worldcuptv.MainActivity"
145-->src\main\AndroidManifest.xml:130:13-65
146            android:exported="false"
146-->src\main\AndroidManifest.xml:131:13-37
147            android:label="@string/title_activity_bottom_navigation_screen" />
147-->src\main\AndroidManifest.xml:132:13-76
148        <activity
148-->src\main\AndroidManifest.xml:134:9-144:20
149            android:name="com.truecodes.worldcuptv.BottomNavigationScreen"
149-->src\main\AndroidManifest.xml:135:13-75
150            android:exported="true"
150-->src\main\AndroidManifest.xml:136:13-36
151            android:label="@string/app_name"
151-->src\main\AndroidManifest.xml:137:13-45
152            android:theme="@style/Theme_AsiaCup_NoActionBar" >
152-->src\main\AndroidManifest.xml:138:13-61
153            <intent-filter>
153-->src\main\AndroidManifest.xml:140:13-143:29
154                <action android:name="android.intent.action.MAIN" />
154-->src\main\AndroidManifest.xml:141:17-69
154-->src\main\AndroidManifest.xml:141:25-66
155
156                <category android:name="android.intent.category.LAUNCHER" />
156-->src\main\AndroidManifest.xml:142:17-77
156-->src\main\AndroidManifest.xml:142:27-74
157            </intent-filter>
158        </activity>
159
160        <service
160-->src\main\AndroidManifest.xml:146:9-150:19
161            android:name="com.truecodes.worldcuptv.MyFirebaseMessagingService"
161-->src\main\AndroidManifest.xml:146:18-84
162            android:exported="false" >
162-->src\main\AndroidManifest.xml:146:85-109
163            <intent-filter>
163-->src\main\AndroidManifest.xml:147:13-149:29
164                <action android:name="com.google.firebase.MESSAGING_EVENT" />
164-->src\main\AndroidManifest.xml:148:17-77
164-->src\main\AndroidManifest.xml:148:25-75
165            </intent-filter>
166        </service>
167        <!-- Sample AdMob app ID: ca-app-pub-3940256099942544~3347511713 -->
168        <meta-data
168-->src\main\AndroidManifest.xml:152:9-133
169            android:name="com.google.android.gms.ads.APPLICATION_ID"
169-->src\main\AndroidManifest.xml:152:20-76
170            android:value="ca-app-pub-4774770518185868~9495704966" />
170-->src\main\AndroidManifest.xml:152:77-131
171
172        <uses-library
172-->[androidx.privacysandbox.ads:ads-adservices:1.0.0-beta05] AndroidManifest.xml:23:9-25:40
173            android:name="android.ext.adservices"
173-->[androidx.privacysandbox.ads:ads-adservices:1.0.0-beta05] AndroidManifest.xml:24:13-50
174            android:required="false" />
174-->[androidx.privacysandbox.ads:ads-adservices:1.0.0-beta05] AndroidManifest.xml:25:13-37
175
176        <receiver
176-->[com.google.firebase:firebase-messaging:23.2.1] AndroidManifest.xml:29:9-36:20
177            android:name="com.google.firebase.iid.FirebaseInstanceIdReceiver"
177-->[com.google.firebase:firebase-messaging:23.2.1] AndroidManifest.xml:30:13-78
178            android:exported="true"
178-->[com.google.firebase:firebase-messaging:23.2.1] AndroidManifest.xml:31:13-36
179            android:permission="com.google.android.c2dm.permission.SEND" >
179-->[com.google.firebase:firebase-messaging:23.2.1] AndroidManifest.xml:32:13-73
180            <intent-filter>
180-->[com.google.firebase:firebase-messaging:23.2.1] AndroidManifest.xml:33:13-35:29
181                <action android:name="com.google.android.c2dm.intent.RECEIVE" />
181-->[com.google.firebase:firebase-messaging:23.2.1] AndroidManifest.xml:34:17-81
181-->[com.google.firebase:firebase-messaging:23.2.1] AndroidManifest.xml:34:25-78
182            </intent-filter>
183        </receiver>
184        <!--
185             FirebaseMessagingService performs security checks at runtime,
186             but set to not exported to explicitly avoid allowing another app to call it.
187        -->
188        <service
188-->[com.google.firebase:firebase-messaging:23.2.1] AndroidManifest.xml:42:9-49:19
189            android:name="com.google.firebase.messaging.FirebaseMessagingService"
189-->[com.google.firebase:firebase-messaging:23.2.1] AndroidManifest.xml:43:13-82
190            android:directBootAware="true"
190-->[com.google.firebase:firebase-messaging:23.2.1] AndroidManifest.xml:44:13-43
191            android:exported="false" >
191-->[com.google.firebase:firebase-messaging:23.2.1] AndroidManifest.xml:45:13-37
192            <intent-filter android:priority="-500" >
192-->src\main\AndroidManifest.xml:147:13-149:29
193                <action android:name="com.google.firebase.MESSAGING_EVENT" />
193-->src\main\AndroidManifest.xml:148:17-77
193-->src\main\AndroidManifest.xml:148:25-75
194            </intent-filter>
195        </service>
196        <service
196-->[com.google.firebase:firebase-messaging:23.2.1] AndroidManifest.xml:50:9-56:19
197            android:name="com.google.firebase.components.ComponentDiscoveryService"
197-->[com.google.firebase:firebase-messaging:23.2.1] AndroidManifest.xml:51:13-84
198            android:directBootAware="true"
198-->[com.google.firebase:firebase-common:20.3.3] AndroidManifest.xml:34:13-43
199            android:exported="false" >
199-->[com.google.firebase:firebase-messaging:23.2.1] AndroidManifest.xml:52:13-37
200            <meta-data
200-->[com.google.firebase:firebase-messaging:23.2.1] AndroidManifest.xml:53:13-55:85
201                android:name="com.google.firebase.components:com.google.firebase.messaging.FirebaseMessagingRegistrar"
201-->[com.google.firebase:firebase-messaging:23.2.1] AndroidManifest.xml:54:17-119
202                android:value="com.google.firebase.components.ComponentRegistrar" />
202-->[com.google.firebase:firebase-messaging:23.2.1] AndroidManifest.xml:55:17-82
203            <meta-data
203-->[com.google.firebase:firebase-datatransport:18.1.7] AndroidManifest.xml:27:13-29:85
204                android:name="com.google.firebase.components:com.google.firebase.datatransport.TransportRegistrar"
204-->[com.google.firebase:firebase-datatransport:18.1.7] AndroidManifest.xml:28:17-115
205                android:value="com.google.firebase.components.ComponentRegistrar" />
205-->[com.google.firebase:firebase-datatransport:18.1.7] AndroidManifest.xml:29:17-82
206            <meta-data
206-->[com.google.firebase:firebase-installations:17.1.4] AndroidManifest.xml:15:13-17:85
207                android:name="com.google.firebase.components:com.google.firebase.installations.FirebaseInstallationsRegistrar"
207-->[com.google.firebase:firebase-installations:17.1.4] AndroidManifest.xml:16:17-127
208                android:value="com.google.firebase.components.ComponentRegistrar" />
208-->[com.google.firebase:firebase-installations:17.1.4] AndroidManifest.xml:17:17-82
209        </service>
210
211        <activity
211-->[com.facebook.android:audience-network-sdk:6.16.0] AndroidManifest.xml:20:9-24:75
212            android:name="com.facebook.ads.AudienceNetworkActivity"
212-->[com.facebook.android:audience-network-sdk:6.16.0] AndroidManifest.xml:21:13-68
213            android:configChanges="keyboardHidden|orientation|screenSize|smallestScreenSize|screenLayout"
213-->[com.facebook.android:audience-network-sdk:6.16.0] AndroidManifest.xml:22:13-106
214            android:exported="false"
214-->[com.facebook.android:audience-network-sdk:6.16.0] AndroidManifest.xml:23:13-37
215            android:theme="@android:style/Theme.Translucent.NoTitleBar" />
215-->[com.facebook.android:audience-network-sdk:6.16.0] AndroidManifest.xml:24:13-72
216
217        <provider
217-->[com.facebook.android:audience-network-sdk:6.16.0] AndroidManifest.xml:26:9-29:40
218            android:name="com.facebook.ads.AudienceNetworkContentProvider"
218-->[com.facebook.android:audience-network-sdk:6.16.0] AndroidManifest.xml:27:13-75
219            android:authorities="com.truecodes.worldcuptv.AudienceNetworkContentProvider"
219-->[com.facebook.android:audience-network-sdk:6.16.0] AndroidManifest.xml:28:13-82
220            android:exported="false" />
220-->[com.facebook.android:audience-network-sdk:6.16.0] AndroidManifest.xml:29:13-37
221        <provider
221-->[com.squareup.picasso:picasso:2.71828] AndroidManifest.xml:8:9-11:40
222            android:name="com.squareup.picasso.PicassoProvider"
222-->[com.squareup.picasso:picasso:2.71828] AndroidManifest.xml:9:13-64
223            android:authorities="com.truecodes.worldcuptv.com.squareup.picasso"
223-->[com.squareup.picasso:picasso:2.71828] AndroidManifest.xml:10:13-72
224            android:exported="false" />
224-->[com.squareup.picasso:picasso:2.71828] AndroidManifest.xml:11:13-37
225
226        <activity
226-->[com.ironsource.sdk:mediationsdk:7.5.1] AndroidManifest.xml:15:9-18:50
227            android:name="com.ironsource.sdk.controller.ControllerActivity"
227-->[com.ironsource.sdk:mediationsdk:7.5.1] AndroidManifest.xml:16:13-76
228            android:configChanges="orientation|screenSize"
228-->[com.ironsource.sdk:mediationsdk:7.5.1] AndroidManifest.xml:17:13-59
229            android:hardwareAccelerated="true" />
229-->[com.ironsource.sdk:mediationsdk:7.5.1] AndroidManifest.xml:18:13-47
230        <activity
230-->[com.ironsource.sdk:mediationsdk:7.5.1] AndroidManifest.xml:19:9-23:64
231            android:name="com.ironsource.sdk.controller.InterstitialActivity"
231-->[com.ironsource.sdk:mediationsdk:7.5.1] AndroidManifest.xml:20:13-78
232            android:configChanges="orientation|screenSize"
232-->[com.ironsource.sdk:mediationsdk:7.5.1] AndroidManifest.xml:21:13-59
233            android:hardwareAccelerated="true"
233-->[com.ironsource.sdk:mediationsdk:7.5.1] AndroidManifest.xml:22:13-47
234            android:theme="@android:style/Theme.Translucent" />
234-->[com.ironsource.sdk:mediationsdk:7.5.1] AndroidManifest.xml:23:13-61
235        <activity
235-->[com.ironsource.sdk:mediationsdk:7.5.1] AndroidManifest.xml:24:9-28:64
236            android:name="com.ironsource.sdk.controller.OpenUrlActivity"
236-->[com.ironsource.sdk:mediationsdk:7.5.1] AndroidManifest.xml:25:13-73
237            android:configChanges="orientation|screenSize"
237-->[com.ironsource.sdk:mediationsdk:7.5.1] AndroidManifest.xml:26:13-59
238            android:hardwareAccelerated="true"
238-->[com.ironsource.sdk:mediationsdk:7.5.1] AndroidManifest.xml:27:13-47
239            android:theme="@android:style/Theme.Translucent" />
239-->[com.ironsource.sdk:mediationsdk:7.5.1] AndroidManifest.xml:28:13-61
240        <activity
240-->[com.ironsource.sdk:mediationsdk:7.5.1] AndroidManifest.xml:29:9-33:63
241            android:name="com.ironsource.mediationsdk.testSuite.TestSuiteActivity"
241-->[com.ironsource.sdk:mediationsdk:7.5.1] AndroidManifest.xml:30:13-83
242            android:configChanges="orientation|screenSize"
242-->[com.ironsource.sdk:mediationsdk:7.5.1] AndroidManifest.xml:31:13-59
243            android:hardwareAccelerated="true"
243-->[com.ironsource.sdk:mediationsdk:7.5.1] AndroidManifest.xml:32:13-47
244            android:theme="@android:style/Theme.NoTitleBar" />
244-->[com.ironsource.sdk:mediationsdk:7.5.1] AndroidManifest.xml:33:13-60
245
246        <provider
246-->[com.ironsource.sdk:mediationsdk:7.5.1] AndroidManifest.xml:35:9-37:82
247            android:name="com.ironsource.lifecycle.IronsourceLifecycleProvider"
247-->[com.ironsource.sdk:mediationsdk:7.5.1] AndroidManifest.xml:36:13-80
248            android:authorities="com.truecodes.worldcuptv.IronsourceLifecycleProvider" />
248-->[com.ironsource.sdk:mediationsdk:7.5.1] AndroidManifest.xml:37:13-79
249
250        <service
250-->[com.google.android.datatransport:transport-backend-cct:3.1.8] AndroidManifest.xml:28:9-34:19
251            android:name="com.google.android.datatransport.runtime.backends.TransportBackendDiscovery"
251-->[com.google.android.datatransport:transport-backend-cct:3.1.8] AndroidManifest.xml:29:13-103
252            android:exported="false" >
252-->[com.google.android.datatransport:transport-backend-cct:3.1.8] AndroidManifest.xml:30:13-37
253            <meta-data
253-->[com.google.android.datatransport:transport-backend-cct:3.1.8] AndroidManifest.xml:31:13-33:39
254                android:name="backend:com.google.android.datatransport.cct.CctBackendFactory"
254-->[com.google.android.datatransport:transport-backend-cct:3.1.8] AndroidManifest.xml:32:17-94
255                android:value="cct" />
255-->[com.google.android.datatransport:transport-backend-cct:3.1.8] AndroidManifest.xml:33:17-36
256        </service>
257        <service
257-->[com.google.android.datatransport:transport-runtime:3.1.8] AndroidManifest.xml:26:9-30:19
258            android:name="com.google.android.datatransport.runtime.scheduling.jobscheduling.JobInfoSchedulerService"
258-->[com.google.android.datatransport:transport-runtime:3.1.8] AndroidManifest.xml:27:13-117
259            android:exported="false"
259-->[com.google.android.datatransport:transport-runtime:3.1.8] AndroidManifest.xml:28:13-37
260            android:permission="android.permission.BIND_JOB_SERVICE" >
260-->[com.google.android.datatransport:transport-runtime:3.1.8] AndroidManifest.xml:29:13-69
261        </service>
262
263        <receiver
263-->[com.google.android.datatransport:transport-runtime:3.1.8] AndroidManifest.xml:32:9-34:40
264            android:name="com.google.android.datatransport.runtime.scheduling.jobscheduling.AlarmManagerSchedulerBroadcastReceiver"
264-->[com.google.android.datatransport:transport-runtime:3.1.8] AndroidManifest.xml:33:13-132
265            android:exported="false" />
265-->[com.google.android.datatransport:transport-runtime:3.1.8] AndroidManifest.xml:34:13-37
266
267        <provider
267-->[com.google.firebase:firebase-common:20.3.3] AndroidManifest.xml:25:9-30:39
268            android:name="com.google.firebase.provider.FirebaseInitProvider"
268-->[com.google.firebase:firebase-common:20.3.3] AndroidManifest.xml:26:13-77
269            android:authorities="com.truecodes.worldcuptv.firebaseinitprovider"
269-->[com.google.firebase:firebase-common:20.3.3] AndroidManifest.xml:27:13-72
270            android:directBootAware="true"
270-->[com.google.firebase:firebase-common:20.3.3] AndroidManifest.xml:28:13-43
271            android:exported="false"
271-->[com.google.firebase:firebase-common:20.3.3] AndroidManifest.xml:29:13-37
272            android:initOrder="100" />
272-->[com.google.firebase:firebase-common:20.3.3] AndroidManifest.xml:30:13-36
273
274        <activity
274-->[com.google.android.gms:play-services-base:18.0.1] AndroidManifest.xml:20:9-22:45
275            android:name="com.google.android.gms.common.api.GoogleApiActivity"
275-->[com.google.android.gms:play-services-base:18.0.1] AndroidManifest.xml:20:19-85
276            android:exported="false"
276-->[com.google.android.gms:play-services-base:18.0.1] AndroidManifest.xml:22:19-43
277            android:theme="@android:style/Theme.Translucent.NoTitleBar" /> <!-- Include the AdActivity and InAppPurchaseActivity configChanges and themes. -->
277-->[com.google.android.gms:play-services-base:18.0.1] AndroidManifest.xml:21:19-78
278        <activity
278-->[com.google.android.gms:play-services-ads-lite:22.4.0] AndroidManifest.xml:56:9-61:43
279            android:name="com.google.android.gms.ads.AdActivity"
279-->[com.google.android.gms:play-services-ads-lite:22.4.0] AndroidManifest.xml:57:13-65
280            android:configChanges="keyboard|keyboardHidden|orientation|screenLayout|uiMode|screenSize|smallestScreenSize"
280-->[com.google.android.gms:play-services-ads-lite:22.4.0] AndroidManifest.xml:58:13-122
281            android:exported="false"
281-->[com.google.android.gms:play-services-ads-lite:22.4.0] AndroidManifest.xml:59:13-37
282            android:theme="@android:style/Theme.Translucent" />
282-->[com.google.android.gms:play-services-ads-lite:22.4.0] AndroidManifest.xml:60:13-61
283
284        <provider
284-->[com.google.android.gms:play-services-ads-lite:22.4.0] AndroidManifest.xml:63:9-68:43
285            android:name="com.google.android.gms.ads.MobileAdsInitProvider"
285-->[com.google.android.gms:play-services-ads-lite:22.4.0] AndroidManifest.xml:64:13-76
286            android:authorities="com.truecodes.worldcuptv.mobileadsinitprovider"